Running 18 gate(s): check-sizes script-exec-bits port-collision-diagnose compose-project mirror-sync-contract deploy-currency-check-contract source-pollution status-doc-consistency roadmap-v2-shape secret-scan web-lint web-test index-export-clientside-contract rust-lint migration-test validate-bootstrap-parser validate-bootstrap-env-local publish-scripts-buildx
Mode: fast


=== local-ci summary (wall 38s) ===
GATE                STATUS   SECS  LOG
----                ------   ----  ---
check-sizes         PASS        4  /var/folders/v6/b8qh29l57ql_p7hdw2qhpqkw0000gn/T//local-ci-last-logs/check-sizes.log
compose-project     PASS        0  /var/folders/v6/b8qh29l57ql_p7hdw2qhpqkw0000gn/T//local-ci-last-logs/compose-project.log
deploy-currency-check-contract  PASS        6  /var/folders/v6/b8qh29l57ql_p7hdw2qhpqkw0000gn/T//local-ci-last-logs/deploy-currency-check-contract.log
index-export-clientside-contract  PASS        1  /var/folders/v6/b8qh29l57ql_p7hdw2qhpqkw0000gn/T//local-ci-last-logs/index-export-clientside-contract.log
migration-test      PASS        2  /var/folders/v6/b8qh29l57ql_p7hdw2qhpqkw0000gn/T//local-ci-last-logs/migration-test.log
mirror-sync-contract  PASS        6  /var/folders/v6/b8qh29l57ql_p7hdw2qhpqkw0000gn/T//local-ci-last-logs/mirror-sync-contract.log
port-collision-diagnose  PASS        4  /var/folders/v6/b8qh29l57ql_p7hdw2qhpqkw0000gn/T//local-ci-last-logs/port-collision-diagnose.log
publish-scripts-buildx  PASS        0  /var/folders/v6/b8qh29l57ql_p7hdw2qhpqkw0000gn/T//local-ci-last-logs/publish-scripts-buildx.log
roadmap-v2-shape    PASS        0  /var/folders/v6/b8qh29l57ql_p7hdw2qhpqkw0000gn/T//local-ci-last-logs/roadmap-v2-shape.log
rust-lint           PASS       38  /var/folders/v6/b8qh29l57ql_p7hdw2qhpqkw0000gn/T//local-ci-last-logs/rust-lint.log
script-exec-bits    PASS        2  /var/folders/v6/b8qh29l57ql_p7hdw2qhpqkw0000gn/T//local-ci-last-logs/script-exec-bits.log
secret-scan         PASS        2  /var/folders/v6/b8qh29l57ql_p7hdw2qhpqkw0000gn/T//local-ci-last-logs/secret-scan.log
source-pollution    PASS        6  /var/folders/v6/b8qh29l57ql_p7hdw2qhpqkw0000gn/T//local-ci-last-logs/source-pollution.log
status-doc-consistency  PASS        0  /var/folders/v6/b8qh29l57ql_p7hdw2qhpqkw0000gn/T//local-ci-last-logs/status-doc-consistency.log
validate-bootstrap-env-local  PASS        5  /var/folders/v6/b8qh29l57ql_p7hdw2qhpqkw0000gn/T//local-ci-last-logs/validate-bootstrap-env-local.log
validate-bootstrap-parser  PASS        0  /var/folders/v6/b8qh29l57ql_p7hdw2qhpqkw0000gn/T//local-ci-last-logs/validate-bootstrap-parser.log
web-lint            PASS       33  /var/folders/v6/b8qh29l57ql_p7hdw2qhpqkw0000gn/T//local-ci-last-logs/web-lint.log
web-test            PASS       18  /var/folders/v6/b8qh29l57ql_p7hdw2qhpqkw0000gn/T//local-ci-last-logs/web-test.log

## Prod deploy drift (informational — does not affect exit code)
Prod deploy drift:
  dev_sha:            b0fc91ff9580e5e79d7c4f5a0d4576f41e55f4ff
  build_time:         2026-07-11T07:42:53Z (14h 24m ago)
  commits_behind:     7
  deployable_drift:   false (converged (doc-only ahead))
  doc_only_ahead:     true
  dev_main_sha:       ae9bec141622

Totals: pass=18 fail=0 skip=0
Result: PASS
