  SUMMARY.md
  declined_402/post_upgrade_status.json
  declined_402/pre_upgrade_status.json
  declined_402/result.json
  declined_402/setup.json
  declined_402/upgrade_http_code.txt
  declined_402/upgrade_response.json
  health.json
  requires_action_402/post_upgrade_status.json
  requires_action_402/pre_upgrade_status.json
  requires_action_402/result.json
  requires_action_402/setup.json
  requires_action_402/upgrade_http_code.txt
  requires_action_402/upgrade_response.json
  success_paid/post_upgrade_status.json
  success_paid/pre_upgrade_status.json
  success_paid/result.json
  success_paid/setup.json
  success_paid/stripe_invoice.json
  success_paid/upgrade_http_code.txt
  success_paid/upgrade_response.json
  version.json
