    Updating crates.io index
 Downloading crates ...
  Downloaded crossbeam-queue v0.3.12
  Downloaded dashmap v6.1.0
  Downloaded fastrand v1.9.0
  Downloaded crc32fast v1.5.0
  Downloaded nu-ansi-term v0.50.3
  Downloaded dotenvy v0.15.7
  Downloaded futures-task v0.3.32
  Downloaded anyhow v1.0.102
  Downloaded log v0.4.29
  Downloaded http-body-util v0.1.3
  Downloaded base64 v0.13.1
  Downloaded indexmap v2.14.0
  Downloaded hashbrown v0.15.5
  Downloaded half v2.7.1
  Downloaded deranged v0.5.8
  Downloaded base64ct v1.8.3
  Downloaded borsh v1.6.1
  Downloaded getrandom v0.2.17
  Downloaded futures-macro v0.3.32
  Downloaded funty v2.0.0
  Downloaded heck v0.5.0
  Downloaded foreign-types v0.3.2
  Downloaded md-5 v0.10.6
  Downloaded aws-sdk-sts v1.102.0
  Downloaded event-listener v5.4.1
  Downloaded idna_adapter v1.2.1
  Downloaded ff v0.12.1
  Downloaded mio v1.2.0
  Downloaded errno v0.3.14
  Downloaded lru-slab v0.1.2
  Downloaded lock_api v0.4.14
  Downloaded ipnet v2.12.0
  Downloaded http-body v1.0.1
  Downloaded native-tls v0.2.18
  Downloaded matchit v0.7.3
  Downloaded hyper-rustls v0.27.9
  Downloaded minicbor v0.24.4
  Downloaded httparse v1.10.1
  Downloaded itoa v1.0.18
  Downloaded once_cell v1.21.4
  Downloaded http v1.4.0
  Downloaded futures-util v0.3.32
  Downloaded parking v2.2.1
  Downloaded h2 v0.4.13
  Downloaded icu_normalizer v2.2.0
  Downloaded icu_collections v2.2.0
  Downloaded flate2 v1.1.9
  Downloaded minicbor-derive v0.15.3
  Downloaded miniz_oxide v0.8.9
  Downloaded cfg_aliases v0.2.1
  Downloaded futures-intrusive v0.5.0
  Downloaded lru v0.12.5
  Downloaded icu_properties_data v2.2.0
  Downloaded hkdf v0.12.4
  Downloaded ghash v0.5.1
  Downloaded futures-sink v0.3.32
  Downloaded bitvec v1.0.1
  Downloaded hex v0.4.3
  Downloaded getrandom v0.1.16
  Downloaded futures-core v0.3.32
  Downloaded inout v0.1.4
  Downloaded futures-io v0.3.32
  Downloaded getrandom v0.3.4
  Downloaded ppv-lite86 v0.2.21
  Downloaded parking_lot v0.12.5
  Downloaded pin-project-lite v0.2.17
  Downloaded find-msvc-tools v0.1.9
  Downloaded fastrand v2.4.1
  Downloaded p256 v0.11.1
  Downloaded ptr_meta_derive v0.1.4
  Downloaded powerfmt v0.2.0
  Downloaded matchers v0.2.0
  Downloaded lazy_static v1.5.0
  Downloaded polyval v0.6.2
  Downloaded openssl-probe v0.2.1
  Downloaded group v0.12.1
  Downloaded openssl-sys v0.9.113
  Downloaded pkcs8 v0.10.2
  Downloaded num-iter v0.1.45
  Downloaded proc-macro2 v1.0.106
  Downloaded foldhash v0.1.5
  Downloaded hmac v0.12.1
  Downloaded proc-macro-crate v3.5.0
  Downloaded pin-utils v0.1.0
  Downloaded ptr_meta v0.1.4
  Downloaded potential_utf v0.1.5
  Downloaded percent-encoding v2.3.2
  Downloaded pem-rfc7468 v0.7.0
  Downloaded jsonwebtoken v9.3.1
  Downloaded http v0.2.12
  Downloaded protobuf-support v3.7.2
  Downloaded icu_normalizer_data v2.2.0
  Downloaded hyper v1.9.0
  Downloaded idna v1.1.0
  Downloaded quinn-udp v0.5.14
  Downloaded hyper-util v0.1.20
  Downloaded rfc6979 v0.3.1
  Downloaded rand_chacha v0.3.1
  Downloaded rand_core v0.5.1
  Downloaded quote v1.0.45
  Downloaded libm v0.2.16
  Downloaded rand_core v0.9.5
  Downloaded rand_chacha v0.9.0
  Downloaded num-bigint-dig v0.8.6
  Downloaded scopeguard v1.2.0
  Downloaded rustc-hash v2.1.2
  Downloaded prometheus v0.14.0
  Downloaded sec1 v0.3.0
  Downloaded rustversion v1.0.22
  Downloaded rustls-pki-types v1.14.0
  Downloaded quinn v0.11.9
  Downloaded serde_path_to_error v0.1.20
  Downloaded seahash v4.1.0
  Downloaded h2 v0.3.27
  Downloaded openssl v0.10.77
  Downloaded sha1 v0.10.6
  Downloaded signature v1.6.4
  Downloaded rand v0.8.6
  Downloaded signature v2.2.0
  Downloaded portable-atomic v1.13.1
  Downloaded semver v1.0.28
  Downloaded serde_urlencoded v0.7.1
  Downloaded rsa v0.9.10
  Downloaded serde_qs v0.8.5
  Downloaded regex-lite v0.1.9
  Downloaded signal-hook-registry v1.4.8
  Downloaded rand v0.7.3
  Downloaded sharded-slab v0.1.7
  Downloaded serde_core v1.0.228
  Downloaded sha2 v0.10.9
  Downloaded slab v0.4.12
  Downloaded simdutf8 v0.1.5
  Downloaded smol_str v0.1.24
  Downloaded simple_asn1 v0.6.4
  Downloaded rustls-webpki v0.103.12
  Downloaded spki v0.6.0
  Downloaded serde v1.0.228
  Downloaded spki v0.7.3
  Downloaded rust_decimal v1.41.0
  Downloaded socket2 v0.6.3
  Downloaded socket2 v0.5.10
  Downloaded regex v1.12.3
  Downloaded crc v3.4.0
  Downloaded aws-sdk-route53 v1.110.0
  Downloaded outref v0.5.2
  Downloaded bytes-utils v0.1.4
  Downloaded aws-smithy-http v0.63.6
  Downloaded stable_deref_trait v1.2.1
  Downloaded sqlx-macros v0.8.6
  Downloaded atomic-waker v1.1.2
  Downloaded bytecheck v0.6.12
  Downloaded aws-smithy-query v0.60.15
  Downloaded aws-sdk-cloudwatch v1.109.1
  Downloaded serde_json v1.0.149
  Downloaded reqwest v0.12.28
  Downloaded digest v0.10.7
  Downloaded cipher v0.4.4
  Downloaded byteorder v1.5.0
  Downloaded quick-xml v0.37.5
  Downloaded protobuf v3.7.2
  Downloaded sync_wrapper v1.0.2
  Downloaded stringprep v0.1.5
  Downloaded opaque-debug v0.3.1
  Downloaded thiserror v1.0.69
  Downloaded thiserror-impl v1.0.69
  Downloaded time-core v0.1.8
  Downloaded event-listener v2.5.3
  Downloaded tap v1.0.1
  Downloaded openssl-macros v0.1.1
  Downloaded time-macros v0.2.27
  Downloaded thread_local v1.1.9
  Downloaded aead v0.5.2
  Downloaded adler2 v2.0.1
  Downloaded cfg-if v1.0.4
  Downloaded rustls v0.23.38
  Downloaded sqlx-core v0.8.6
  Downloaded cpufeatures v0.2.17
  Downloaded bytecheck_derive v0.6.12
  Downloaded base16ct v0.1.1
  Downloaded rend v0.4.2
  Downloaded const-oid v0.9.6
  Downloaded aws-types v1.3.14
  Downloaded crossbeam-epoch v0.9.18
  Downloaded aws-smithy-async v1.2.14
  Downloaded equivalent v1.0.2
  Downloaded aws-smithy-compression v0.1.6
  Downloaded crypto-common v0.1.7
  Downloaded crc-catalog v2.4.0
  Downloaded foreign-types-shared v0.1.1
  Downloaded tagptr v0.2.0
  Downloaded sqlx-postgres v0.8.6
  Downloaded num-conv v0.2.1
  Downloaded tinystr v0.8.3
  Downloaded async-channel v1.9.0
  Downloaded sqlx-macros-core v0.8.6
  Downloaded toml_parser v1.1.2+spec-1.1.0
  Downloaded tokio-macros v2.7.0
  Downloaded sqlx v0.8.6
  Downloaded tokio-rustls v0.26.4
  Downloaded tinyvec v1.11.0
  Downloaded pem v3.0.6
  Downloaded tower-layer v0.3.3
  Downloaded fnv v1.0.7
  Downloaded ecdsa v0.14.8
  Downloaded mime v0.3.17
  Downloaded displaydoc v0.2.5
  Downloaded smart-default v0.6.0
  Downloaded async-trait v0.1.89
  Downloaded http-body v0.4.6
  Downloaded untrusted v0.9.0
  Downloaded form_urlencoded v1.2.2
  Downloaded hyper-tls v0.5.0
  Downloaded aws-smithy-json v0.61.9
  Downloaded aws-smithy-eventstream v0.60.20
  Downloaded pkg-config v0.3.33
  Downloaded der v0.6.1
  Downloaded utf8_iter v1.0.4
  Downloaded unicode-ident v1.0.24
  Downloaded want v0.3.1
  Downloaded syn v1.0.109
  Downloaded waker-fn v1.2.0
  Downloaded axum-core v0.4.5
  Downloaded urlencoding v2.1.3
  Downloaded version_check v0.9.5
  Downloaded futures-executor v0.3.32
  Downloaded toml_datetime v1.1.1+spec-1.1.0
  Downloaded libc v0.2.185
  Downloaded parking_lot_core v0.9.12
  Downloaded fs_extra v1.3.0
  Downloaded ahash v0.7.8
  Downloaded icu_provider v2.2.0
  Downloaded toml_edit v0.25.11+spec-1.1.0
  Downloaded cmake v0.1.58
  Downloaded aws-credential-types v1.2.14
  Downloaded litemap v0.8.2
  Downloaded infer v0.2.3
  Downloaded iana-time-zone v0.1.65
  Downloaded sqlx-sqlite v0.8.6
  Downloaded either v1.15.0
  Downloaded autocfg v1.5.0
  Downloaded regex-automata v0.4.14
  Downloaded home v0.5.12
  Downloaded icu_properties v2.2.0
  Downloaded httpdate v1.0.3
  Downloaded generic-array v0.14.7
  Downloaded futures-channel v0.3.32
  Downloaded futures-lite v1.13.0
  Downloaded tower-http v0.5.2
  Downloaded getrandom v0.4.2
  Downloaded aws-smithy-runtime-api-macros v1.0.0
  Downloaded base64 v0.22.1
  Downloaded pkcs8 v0.9.0
  Downloaded pkcs1 v0.7.5
  Downloaded jobserver v0.1.34
  Downloaded icu_locale_core v2.2.0
  Downloaded bitflags v2.11.1
  Downloaded hashlink v0.10.0
  Downloaded radium v0.7.0
  Downloaded rustc_version v0.4.1
  Downloaded rand_chacha v0.2.2
  Downloaded subtle v2.6.1
  Downloaded url v2.5.8
  Downloaded num-bigint v0.4.6
  Downloaded rustls-native-certs v0.8.3
  Downloaded crossbeam-utils v0.8.21
  Downloaded tokio-util v0.7.18
  Downloaded simd-adler32 v0.3.9
  Downloaded rand_core v0.6.4
  Downloaded ryu v1.0.23
  Downloaded tinyvec_macros v0.1.1
  Downloaded shlex v1.3.0
  Downloaded aws-smithy-json v0.62.5
  Downloaded tokio-native-tls v0.3.1
  Downloaded rkyv_derive v0.7.46
  Downloaded spin v0.9.8
  Downloaded blake2 v0.10.6
  Downloaded flume v0.11.1
  Downloaded base64-simd v0.8.0
  Downloaded thiserror v2.0.18
  Downloaded thiserror-impl v2.0.18
  Downloaded argon2 v0.5.3
  Downloaded smallvec v1.15.1
  Downloaded tracing-log v0.2.0
  Downloaded utoipa-scalar v0.2.0
  Downloaded cc v1.2.60
  Downloaded serde_qs v0.10.1
  Downloaded synstructure v0.13.2
  Downloaded memchr v2.8.0
  Downloaded serde_derive v1.0.228
  Downloaded hashbrown v0.12.3
  Downloaded moka v0.12.15
  Downloaded zmij v1.0.21
  Downloaded unicode-bidi v0.3.18
  Downloaded dunce v1.0.5
  Downloaded aws-smithy-http v0.62.6
  Downloaded block-buffer v0.10.4
  Downloaded aws-smithy-observability v0.2.6
  Downloaded tracing-serde v0.2.0
  Downloaded sqlx-mysql v0.8.6
  Downloaded concurrent-queue v2.5.0
  Downloaded bytes v1.11.1
  Downloaded atoi v2.0.0
  Downloaded tokio-stream v0.1.18
  Downloaded xmlparser v0.13.6
  Downloaded rkyv v0.7.46
  Downloaded tower v0.5.3
  Downloaded uuid v1.23.1
  Downloaded iri-string v0.7.12
  Downloaded utoipa-gen v5.4.0
  Downloaded hashbrown v0.14.5
  Downloaded winnow v1.0.1
  Downloaded aws-smithy-checksums v0.63.12
  Downloaded ctr v0.9.2
  Downloaded hashbrown v0.17.0
  Downloaded hyper v0.14.32
  Downloaded http-types v2.12.0
  Downloaded arrayvec v0.7.6
  Downloaded try-lock v0.2.5
  Downloaded quinn-proto v0.11.14
  Downloaded zerofrom v0.1.7
  Downloaded webpki-roots v0.26.11
  Downloaded tower-service v0.3.3
  Downloaded tower-http v0.6.8
  Downloaded vcpkg v0.2.15
  Downloaded time v0.3.47
  Downloaded regex-syntax v0.8.10
  Downloaded syn v2.0.117
  Downloaded aws-smithy-xml v0.60.15
  Downloaded aws-runtime v1.7.2
  Downloaded aws-smithy-types v1.4.7
  Downloaded num-traits v0.2.19
  Downloaded aws-sdk-ssooidc v1.99.0
  Downloaded tokio v1.52.1
  Downloaded zerofrom-derive v0.1.7
  Downloaded aws-smithy-http-client v1.1.12
  Downloaded ring v0.17.14
  Downloaded yoke-derive v0.8.2
  Downloaded universal-hash v0.5.1
  Downloaded elliptic-curve v0.12.3
  Downloaded aws-smithy-cbor v0.61.7
  Downloaded unicode-properties v0.1.4
  Downloaded borsh-derive v1.6.1
  Downloaded whoami v1.6.1
  Downloaded zeroize v1.8.2
  Downloaded writeable v0.6.3
  Downloaded rand v0.9.4
  Downloaded zerovec-derive v0.11.3
  Downloaded wyz v0.5.1
  Downloaded crypto-bigint v0.4.9
  Downloaded allocator-api2 v0.2.21
  Downloaded password-hash v0.5.0
  Downloaded libsqlite3-sys v0.30.1
  Downloaded yoke v0.8.2
  Downloaded utoipa v5.4.0
  Downloaded aws-smithy-runtime-api v1.12.0
  Downloaded tracing-core v0.1.36
  Downloaded der v0.7.10
  Downloaded axum v0.7.9
  Downloaded crossbeam-channel v0.5.15
  Downloaded aws-smithy-runtime v1.11.1
  Downloaded num-integer v0.1.46
  Downloaded aws-sigv4 v1.4.2
  Downloaded zerotrie v0.2.4
  Downloaded aho-corasick v1.1.4
  Downloaded typenum v1.19.0
  Downloaded crypto-bigint v0.5.5
  Downloaded zerocopy-derive v0.8.48
  Downloaded crc-fast v1.6.0
  Downloaded aws-sdk-sso v1.97.0
  Downloaded aws-config v1.8.15
  Downloaded aes v0.8.4
  Downloaded vsimd v0.8.0
  Downloaded unicode-normalization v0.1.25
  Downloaded aes-gcm v0.10.3
  Downloaded zerovec v0.11.6
  Downloaded tracing-attributes v0.1.31
  Downloaded aws-lc-rs v1.16.3
  Downloaded tracing-subscriber v0.3.23
  Downloaded webpki-roots v1.0.7
  Downloaded chrono v0.4.44
  Downloaded zerocopy v0.8.48
  Downloaded tracing v0.1.44
  Downloaded async-stripe v0.41.0
  Downloaded aws-sdk-sesv2 v1.117.0
  Downloaded aws-sdk-ssm v1.108.0
  Downloaded aws-sdk-s3 v1.119.0
  Downloaded rust_decimal_macros v1.40.0
  Downloaded aws-sdk-ec2 v1.221.0
  Downloaded aws-lc-sys v0.40.0
   Compiling api v0.1.0 (/work/infra/api)
   Compiling aws-sdk-ec2 v1.221.0
    Finished `release` profile [optimized] target(s) in 7m 27s
