    Updating crates.io index
 Downloading crates ...
  Downloaded autocfg v1.5.0
  Downloaded atoi v2.0.0
  Downloaded dotenvy v0.15.7
  Downloaded async-channel v1.9.0
  Downloaded ecdsa v0.14.8
  Downloaded allocator-api2 v0.2.21
  Downloaded aead v0.5.2
  Downloaded argon2 v0.5.3
  Downloaded futures-sink v0.3.32
  Downloaded flate2 v1.1.9
  Downloaded axum-core v0.4.5
  Downloaded aws-smithy-runtime-api v1.12.0
  Downloaded digest v0.10.7
  Downloaded aws-smithy-checksums v0.63.12
  Downloaded libc v0.2.185
  Downloaded matchers v0.2.0
  Downloaded find-msvc-tools v0.1.9
  Downloaded async-stripe v0.41.0
  Downloaded lazy_static v1.5.0
  Downloaded event-listener v2.5.3
  Downloaded futures-util v0.3.32
  Downloaded futures-lite v1.13.0
  Downloaded futures-channel v0.3.32
  Downloaded generic-array v0.14.7
  Downloaded fs_extra v1.3.0
  Downloaded form_urlencoded v1.2.2
  Downloaded inout v0.1.4
  Downloaded crc-fast v1.6.0
  Downloaded aws-lc-rs v1.16.3
  Downloaded minicbor v0.24.4
  Downloaded hyper-rustls v0.27.9
  Downloaded openssl-probe v0.2.1
  Downloaded httparse v1.10.1
  Downloaded hmac v0.12.1
  Downloaded nu-ansi-term v0.50.3
  Downloaded jobserver v0.1.34
  Downloaded icu_provider v2.2.0
  Downloaded litemap v0.8.2
  Downloaded futures-intrusive v0.5.0
  Downloaded fastrand v2.4.1
  Downloaded http v0.2.12
  Downloaded hashbrown v0.14.5
  Downloaded pkcs8 v0.9.0
  Downloaded h2 v0.3.27
  Downloaded icu_normalizer_data v2.2.0
  Downloaded memchr v2.8.0
  Downloaded mio v1.2.0
  Downloaded iri-string v0.7.12
  Downloaded hyper v1.9.0
  Downloaded hyper v0.14.32
  Downloaded hashbrown v0.12.3
  Downloaded indexmap v2.14.0
  Downloaded md-5 v0.10.6
  Downloaded errno v0.3.14
  Downloaded aws-sigv4 v1.4.2
  Downloaded mime v0.3.17
  Downloaded lru-slab v0.1.2
  Downloaded jsonwebtoken v9.3.1
  Downloaded group v0.12.1
  Downloaded funty v2.0.0
  Downloaded fastrand v1.9.0
  Downloaded hashlink v0.10.0
  Downloaded foldhash v0.1.5
  Downloaded heck v0.5.0
  Downloaded getrandom v0.2.17
  Downloaded native-tls v0.2.18
  Downloaded atomic-waker v1.1.2
  Downloaded async-trait v0.1.89
  Downloaded crypto-common v0.1.7
  Downloaded dunce v1.0.5
  Downloaded cfg-if v1.0.4
  Downloaded idna_adapter v1.2.1
  Downloaded httpdate v1.0.3
  Downloaded bytecheck_derive v0.6.12
  Downloaded bytecheck v0.6.12
  Downloaded base64ct v1.8.3
  Downloaded base64-simd v0.8.0
  Downloaded base16ct v0.1.1
  Downloaded aws-smithy-runtime-api-macros v1.0.0
  Downloaded aws-smithy-query v0.60.15
  Downloaded aws-smithy-observability v0.2.6
  Downloaded crc v3.4.0
  Downloaded ff v0.12.1
  Downloaded aws-smithy-http v0.63.6
  Downloaded arrayvec v0.7.6
  Downloaded anyhow v1.0.102
  Downloaded adler2 v2.0.1
  Downloaded ghash v0.5.1
  Downloaded futures-core v0.3.32
  Downloaded aws-sdk-s3 v1.119.0
  Downloaded pin-project-lite v0.2.17
  Downloaded ppv-lite86 v0.2.21
  Downloaded crc-catalog v2.4.0
  Downloaded cfg_aliases v0.2.1
  Downloaded parking_lot_core v0.9.12
  Downloaded infer v0.2.3
  Downloaded http-body v1.0.1
  Downloaded home v0.5.12
  Downloaded equivalent v1.0.2
  Downloaded cpufeatures v0.2.17
  Downloaded block-buffer v0.10.4
  Downloaded radium v0.7.0
  Downloaded icu_properties v2.2.0
  Downloaded concurrent-queue v2.5.0
  Downloaded aws-smithy-compression v0.1.6
  Downloaded ahash v0.7.8
  Downloaded bytes-utils v0.1.4
  Downloaded protobuf-support v3.7.2
  Downloaded log v0.4.29
  Downloaded getrandom v0.1.16
  Downloaded crossbeam-queue v0.3.12
  Downloaded ptr_meta v0.1.4
  Downloaded proc-macro2 v1.0.106
  Downloaded rand_chacha v0.3.1
  Downloaded quote v1.0.45
  Downloaded num-iter v0.1.45
  Downloaded deranged v0.5.8
  Downloaded aws-smithy-xml v0.60.15
  Downloaded num-conv v0.2.1
  Downloaded openssl-macros v0.1.1
  Downloaded aws-smithy-async v1.2.14
  Downloaded aws-credential-types v1.2.14
  Downloaded either v1.15.0
  Downloaded parking v2.2.1
  Downloaded borsh-derive v1.6.1
  Downloaded byteorder v1.5.0
  Downloaded displaydoc v0.2.5
  Downloaded rand_chacha v0.2.2
  Downloaded rand_core v0.9.5
  Downloaded rfc6979 v0.3.1
  Downloaded miniz_oxide v0.8.9
  Downloaded aws-smithy-json v0.61.9
  Downloaded http v1.4.0
  Downloaded aws-smithy-http v0.62.6
  Downloaded rand_core v0.5.1
  Downloaded openssl-sys v0.9.113
  Downloaded icu_locale_core v2.2.0
  Downloaded opaque-debug v0.3.1
  Downloaded base64 v0.22.1
  Downloaded dashmap v6.1.0
  Downloaded cmake v0.1.58
  Downloaded aws-smithy-cbor v0.61.7
  Downloaded ctr v0.9.2
  Downloaded icu_normalizer v2.2.0
  Downloaded h2 v0.4.13
  Downloaded shlex v1.3.0
  Downloaded crossbeam-epoch v0.9.18
  Downloaded serde_qs v0.8.5
  Downloaded pem v3.0.6
  Downloaded elliptic-curve v0.12.3
  Downloaded crossbeam-utils v0.8.21
  Downloaded quick-xml v0.37.5
  Downloaded bitflags v2.11.1
  Downloaded aws-types v1.3.14
  Downloaded aws-smithy-json v0.62.5
  Downloaded const-oid v0.9.6
  Downloaded blake2 v0.10.6
  Downloaded protobuf v3.7.2
  Downloaded sha2 v0.10.9
  Downloaded base64 v0.13.1
  Downloaded num-bigint-dig v0.8.6
  Downloaded http-types v2.12.0
  Downloaded rand v0.8.6
  Downloaded num-integer v0.1.46
  Downloaded stable_deref_trait v1.2.1
  Downloaded crypto-bigint v0.4.9
  Downloaded smart-default v0.6.0
  Downloaded flume v0.11.1
  Downloaded cipher v0.4.4
  Downloaded aws-smithy-eventstream v0.60.20
  Downloaded sqlx-macros-core v0.8.6
  Downloaded once_cell v1.21.4
  Downloaded pkcs1 v0.7.5
  Downloaded rand v0.9.4
  Downloaded aws-smithy-types v1.4.7
  Downloaded quinn-proto v0.11.14
  Downloaded crc32fast v1.5.0
  Downloaded aws-runtime v1.7.2
  Downloaded num-traits v0.2.19
  Downloaded sqlx-macros v0.8.6
  Downloaded outref v0.5.2
  Downloaded parking_lot v0.12.5
  Downloaded crypto-bigint v0.5.5
  Downloaded bytes v1.11.1
  Downloaded rkyv v0.7.46
  Downloaded pin-utils v0.1.0
  Downloaded der v0.7.10
  Downloaded crossbeam-channel v0.5.15
  Downloaded aws-sdk-sso v1.97.0
  Downloaded password-hash v0.5.0
  Downloaded der v0.6.1
  Downloaded tagptr v0.2.0
  Downloaded cc v1.2.60
  Downloaded aes v0.8.4
  Downloaded aws-smithy-runtime v1.11.1
  Downloaded sqlx-core v0.8.6
  Downloaded sqlx-postgres v0.8.6
  Downloaded sha1 v0.10.6
  Downloaded scopeguard v1.2.0
  Downloaded p256 v0.11.1
  Downloaded syn v1.0.109
  Downloaded seahash v4.1.0
  Downloaded rustversion v1.0.22
  Downloaded signature v1.6.4
  Downloaded toml_datetime v1.1.1+spec-1.1.0
  Downloaded powerfmt v0.2.0
  Downloaded pkcs8 v0.10.2
  Downloaded percent-encoding v2.3.2
  Downloaded tokio-native-tls v0.3.1
  Downloaded rustc_version v0.4.1
  Downloaded sync_wrapper v1.0.2
  Downloaded aws-config v1.8.15
  Downloaded aws-smithy-http-client v1.1.12
  Downloaded simple_asn1 v0.6.4
  Downloaded synstructure v0.13.2
  Downloaded aws-sdk-ssooidc v1.99.0
  Downloaded writeable v0.6.3
  Downloaded thiserror v1.0.69
  Downloaded simd-adler32 v0.3.9
  Downloaded borsh v1.6.1
  Downloaded time-core v0.1.8
  Downloaded thiserror-impl v1.0.69
  Downloaded waker-fn v1.2.0
  Downloaded try-lock v0.2.5
  Downloaded spin v0.9.8
  Downloaded tower-layer v0.3.3
  Downloaded unicode-bidi v0.3.18
  Downloaded serde_derive v1.0.228
  Downloaded urlencoding v2.1.3
  Downloaded futures-io v0.3.32
  Downloaded thiserror v2.0.18
  Downloaded ring v0.17.14
  Downloaded utoipa-scalar v0.2.0
  Downloaded http-body v0.4.6
  Downloaded foreign-types v0.3.2
  Downloaded utf8_iter v1.0.4
  Downloaded tinystr v0.8.3
  Downloaded serde_urlencoded v0.7.1
  Downloaded event-listener v5.4.1
  Downloaded serde_core v1.0.228
  Downloaded axum v0.7.9
  Downloaded http-body-util v0.1.3
  Downloaded futures-executor v0.3.32
  Downloaded socket2 v0.6.3
  Downloaded rustls-native-certs v0.8.3
  Downloaded rustls-pki-types v1.14.0
  Downloaded half v2.7.1
  Downloaded universal-hash v0.5.1
  Downloaded tokio-rustls v0.26.4
  Downloaded ryu v1.0.23
  Downloaded hyper-tls v0.5.0
  Downloaded hex v0.4.3
  Downloaded futures-macro v0.3.32
  Downloaded itoa v1.0.18
  Downloaded tracing-log v0.2.0
  Downloaded tokio-util v0.7.18
  Downloaded lru v0.12.5
  Downloaded ipnet v2.12.0
  Downloaded thread_local v1.1.9
  Downloaded signal-hook-registry v1.4.8
  Downloaded pkg-config v0.3.33
  Downloaded zerofrom v0.1.7
  Downloaded futures-task v0.3.32
  Downloaded aes-gcm v0.10.3
  Downloaded rend v0.4.2
  Downloaded rand_core v0.6.4
  Downloaded toml_parser v1.1.2+spec-1.1.0
  Downloaded minicbor-derive v0.15.3
  Downloaded lock_api v0.4.14
  Downloaded subtle v2.6.1
  Downloaded iana-time-zone v0.1.65
  Downloaded signature v2.2.0
  Downloaded tokio-stream v0.1.18
  Downloaded getrandom v0.4.2
  Downloaded tap v1.0.1
  Downloaded proc-macro-crate v3.5.0
  Downloaded potential_utf v0.1.5
  Downloaded fnv v1.0.7
  Downloaded spki v0.7.3
  Downloaded sec1 v0.3.0
  Downloaded matchit v0.7.3
  Downloaded unicode-properties v0.1.4
  Downloaded sqlx-sqlite v0.8.6
  Downloaded serde v1.0.228
  Downloaded zerofrom-derive v0.1.7
  Downloaded pem-rfc7468 v0.7.0
  Downloaded webpki-roots v0.26.11
  Downloaded foreign-types-shared v0.1.1
  Downloaded semver v1.0.28
  Downloaded stringprep v0.1.5
  Downloaded polyval v0.6.2
  Downloaded tower-service v0.3.3
  Downloaded yoke-derive v0.8.2
  Downloaded smallvec v1.15.1
  Downloaded rustc-hash v2.1.2
  Downloaded smol_str v0.1.24
  Downloaded vsimd v0.8.0
  Downloaded serde_path_to_error v0.1.20
  Downloaded sharded-slab v0.1.7
  Downloaded zerotrie v0.2.4
  Downloaded version_check v0.9.5
  Downloaded zmij v1.0.21
  Downloaded quinn v0.11.9
  Downloaded yoke v0.8.2
  Downloaded simdutf8 v0.1.5
  Downloaded zerovec-derive v0.11.3
  Downloaded tokio-macros v2.7.0
  Downloaded zeroize v1.8.2
  Downloaded xmlparser v0.13.6
  Downloaded thiserror-impl v2.0.18
  Downloaded untrusted v0.9.0
  Downloaded time-macros v0.2.27
  Downloaded tinyvec v1.11.0
  Downloaded prometheus v0.14.0
  Downloaded serde_qs v0.10.1
  Downloaded utoipa-gen v5.4.0
  Downloaded portable-atomic v1.13.1
  Downloaded icu_collections v2.2.0
  Downloaded aws-sdk-sts v1.102.0
  Downloaded wyz v0.5.1
  Downloaded aho-corasick v1.1.4
  Downloaded hkdf v0.12.4
  Downloaded hashbrown v0.15.5
  Downloaded num-bigint v0.4.6
  Downloaded hyper-util v0.1.20
  Downloaded hashbrown v0.17.0
  Downloaded rustls-webpki v0.103.12
  Downloaded regex v1.12.3
  Downloaded libm v0.2.16
  Downloaded unicode-ident v1.0.24
  Downloaded sqlx v0.8.6
  Downloaded toml_edit v0.25.11+spec-1.1.0
  Downloaded rsa v0.9.10
  Downloaded rand v0.7.3
  Downloaded moka v0.12.15
  Downloaded rust_decimal v1.41.0
  Downloaded idna v1.1.0
  Downloaded icu_properties_data v2.2.0
  Downloaded bitvec v1.0.1
  Downloaded utoipa v5.4.0
  Downloaded tracing-subscriber v0.3.23
  Downloaded tower v0.5.3
  Downloaded zerocopy-derive v0.8.48
  Downloaded url v2.5.8
  Downloaded syn v2.0.117
  Downloaded chrono v0.4.44
  Downloaded tower-http v0.6.8
  Downloaded tower-http v0.5.2
  Downloaded unicode-normalization v0.1.25
  Downloaded zerovec v0.11.6
  Downloaded quinn-udp v0.5.14
  Downloaded tokio v1.52.1
  Downloaded serde_json v1.0.149
  Downloaded openssl v0.10.77
  Downloaded ptr_meta_derive v0.1.4
  Downloaded regex-lite v0.1.9
  Downloaded winnow v1.0.1
  Downloaded time v0.3.47
  Downloaded rkyv_derive v0.7.46
  Downloaded libsqlite3-sys v0.30.1
  Downloaded vcpkg v0.2.15
  Downloaded webpki-roots v1.0.7
  Downloaded slab v0.4.12
  Downloaded tinyvec_macros v0.1.1
  Downloaded zerocopy v0.8.48
  Downloaded socket2 v0.5.10
  Downloaded rustls v0.23.38
  Downloaded typenum v1.19.0
  Downloaded sqlx-mysql v0.8.6
  Downloaded spki v0.6.0
  Downloaded rust_decimal_macros v1.40.0
  Downloaded rand_chacha v0.9.0
  Downloaded getrandom v0.3.4
  Downloaded reqwest v0.12.28
  Downloaded regex-syntax v0.8.10
  Downloaded want v0.3.1
  Downloaded whoami v1.6.1
  Downloaded tracing-attributes v0.1.31
  Downloaded uuid v1.23.1
  Downloaded tracing-serde v0.2.0
  Downloaded aws-sdk-cloudwatch v1.109.1
  Downloaded tracing-core v0.1.36
  Downloaded tracing v0.1.44
  Downloaded regex-automata v0.4.14
  Downloaded aws-sdk-route53 v1.110.0
  Downloaded aws-sdk-sesv2 v1.117.0
  Downloaded aws-sdk-ssm v1.108.0
  Downloaded aws-sdk-ec2 v1.221.0
  Downloaded aws-lc-sys v0.40.0
   Compiling proc-macro2 v1.0.106
   Compiling quote v1.0.45
   Compiling unicode-ident v1.0.24
   Compiling libc v0.2.185
   Compiling serde_core v1.0.228
   Compiling cfg-if v1.0.4
   Compiling serde v1.0.228
   Compiling typenum v1.19.0
   Compiling version_check v0.9.5
   Compiling itoa v1.0.18
   Compiling generic-array v0.14.7
   Compiling pin-project-lite v0.2.17
   Compiling bytes v1.11.1
   Compiling futures-core v0.3.32
   Compiling syn v2.0.117
   Compiling getrandom v0.2.17
   Compiling autocfg v1.5.0
   Compiling jobserver v0.1.34
   Compiling memchr v2.8.0
   Compiling shlex v1.3.0
   Compiling find-msvc-tools v0.1.9
   Compiling once_cell v1.21.4
   Compiling errno v0.3.14
   Compiling cc v1.2.60
   Compiling signal-hook-registry v1.4.8
   Compiling mio v1.2.0
   Compiling socket2 v0.6.3
   Compiling zeroize v1.8.2
   Compiling futures-sink v0.3.32
   Compiling rand_core v0.6.4
   Compiling subtle v2.6.1
   Compiling libm v0.2.16
   Compiling num-traits v0.2.19
   Compiling log v0.4.29
   Compiling tracing-core v0.1.36
   Compiling slab v0.4.12
   Compiling futures-io v0.3.32
   Compiling fnv v1.0.7
   Compiling const-oid v0.9.6
   Compiling crypto-common v0.1.7
   Compiling futures-task v0.3.32
   Compiling synstructure v0.13.2
   Compiling http v1.4.0
   Compiling equivalent v1.0.2
   Compiling block-buffer v0.10.4
   Compiling ryu v1.0.23
   Compiling percent-encoding v2.3.2
   Compiling digest v0.10.7
   Compiling http-body v1.0.1
   Compiling http v0.2.12
   Compiling http-body-util v0.1.3
   Compiling num-integer v0.1.46
   Compiling hashbrown v0.17.0
   Compiling num-conv v0.2.1
   Compiling time-core v0.1.8
   Compiling powerfmt v0.2.0
   Compiling time-macros v0.2.27
   Compiling indexmap v2.14.0
   Compiling deranged v0.5.8
   Compiling serde_derive v1.0.228
   Compiling tokio-macros v2.7.0
   Compiling tracing-attributes v0.1.31
   Compiling zerofrom-derive v0.1.7
   Compiling futures-macro v0.3.32
   Compiling yoke-derive v0.8.2
   Compiling tokio v1.52.1
   Compiling futures-util v0.3.32
   Compiling tracing v0.1.44
   Compiling zerovec-derive v0.11.3
   Compiling displaydoc v0.2.5
   Compiling http-body v0.4.6
   Compiling smallvec v1.15.1
   Compiling either v1.15.0
   Compiling time v0.3.47
   Compiling cmake v0.1.58
   Compiling fs_extra v1.3.0
   Compiling dunce v1.0.5
   Compiling ring v0.17.14
   Compiling aws-lc-sys v0.40.0
   Compiling tokio-util v0.7.18
   Compiling vsimd v0.8.0
   Compiling outref v0.5.2
   Compiling base64-simd v0.8.0
   Compiling bytes-utils v0.1.4
   Compiling pin-utils v0.1.0
   Compiling rustls-pki-types v1.14.0
   Compiling aws-smithy-types v1.4.7
   Compiling futures-channel v0.3.32
   Compiling cpufeatures v0.2.17
   Compiling icu_properties_data v2.2.0
   Compiling aws-lc-rs v1.16.3
   Compiling icu_normalizer_data v2.2.0
   Compiling untrusted v0.9.0
   Compiling tower-service v0.3.3
   Compiling base64 v0.22.1
   Compiling base64ct v1.8.3
   Compiling form_urlencoded v1.2.2
   Compiling httparse v1.10.1
   Compiling zerocopy v0.8.48
   Compiling zmij v1.0.21
   Compiling zerofrom v0.1.7
   Compiling zerocopy-derive v0.8.48
   Compiling stable_deref_trait v1.2.1
   Compiling try-lock v0.2.5
   Compiling rustls v0.23.38
   Compiling want v0.3.1
   Compiling yoke v0.8.2
   Compiling serde_json v1.0.149
   Compiling httpdate v1.0.3
   Compiling getrandom v0.4.2
   Compiling webpki-roots v1.0.7
   Compiling aws-smithy-async v1.2.14
   Compiling aws-smithy-runtime-api-macros v1.0.0
   Compiling zerovec v0.11.6
   Compiling sha2 v0.10.9
   Compiling hmac v0.12.1
   Compiling tower-layer v0.3.3
   Compiling openssl-probe v0.2.1
   Compiling parking_lot_core v0.9.12
   Compiling atomic-waker v1.1.2
   Compiling h2 v0.4.13
   Compiling uuid v1.23.1
   Compiling sync_wrapper v1.0.2
   Compiling aws-smithy-runtime-api v1.12.0
   Compiling crc32fast v1.5.0
   Compiling ipnet v2.12.0
   Compiling tower v0.5.3
   Compiling hyper v1.9.0
   Compiling ppv-lite86 v0.2.21
   Compiling tinystr v0.8.3
   Compiling der v0.6.1
   Compiling hyper-util v0.1.20
   Compiling writeable v0.6.3
   Compiling litemap v0.8.2
   Compiling hex v0.4.3
   Compiling crossbeam-utils v0.8.21
   Compiling icu_locale_core v2.2.0
   Compiling spki v0.6.0
   Compiling potential_utf v0.1.5
   Compiling zerotrie v0.2.4
   Compiling thiserror v2.0.18
   Compiling utf8_iter v1.0.4
   Compiling icu_provider v2.2.0
   Compiling icu_collections v2.2.0
   Compiling pkcs8 v0.9.0
   Compiling rustls-native-certs v0.8.3
   Compiling crypto-bigint v0.4.9
   Compiling ff v0.12.1
   Compiling base16ct v0.1.1
   Compiling sec1 v0.3.0
   Compiling group v0.12.1
   Compiling thiserror-impl v2.0.18
   Compiling semver v1.0.28
   Compiling rustc_version v0.4.1
   Compiling icu_normalizer v2.2.0
   Compiling icu_properties v2.2.0
   Compiling elliptic-curve v0.12.3
   Compiling rfc6979 v0.3.1
   Compiling aws-smithy-eventstream v0.60.20
   Compiling signature v1.6.4
   Compiling thiserror v1.0.69
   Compiling ecdsa v0.14.8
   Compiling idna_adapter v1.2.1
   Compiling aws-types v1.3.14
   Compiling aws-credential-types v1.2.14
   Compiling aws-smithy-http v0.63.6
   Compiling thiserror-impl v1.0.69
   Compiling bitflags v2.11.1
   Compiling idna v1.1.0
   Compiling p256 v0.11.1
   Compiling aws-smithy-observability v0.2.6
   Compiling crypto-bigint v0.5.5
   Compiling scopeguard v1.2.0
   Compiling fastrand v2.4.1
   Compiling aws-sigv4 v1.4.2
   Compiling lock_api v0.4.14
   Compiling url v2.5.8
   Compiling concurrent-queue v2.5.0
   Compiling aho-corasick v1.1.4
   Compiling parking v2.2.1
   Compiling tinyvec_macros v0.1.1
   Compiling rust_decimal v1.41.0
   Compiling allocator-api2 v0.2.21
   Compiling regex-lite v0.1.9
   Compiling vcpkg v0.2.15
   Compiling foldhash v0.1.5
   Compiling crc-catalog v2.4.0
   Compiling pkg-config v0.3.33
   Compiling iana-time-zone v0.1.65
   Compiling regex-syntax v0.8.10
   Compiling openssl-sys v0.9.113
   Compiling chrono v0.4.44
   Compiling crc v3.4.0
   Compiling hashbrown v0.15.5
   Compiling regex-automata v0.4.14
   Compiling rustls-webpki v0.103.12
   Compiling tinyvec v1.11.0
   Compiling parking_lot v0.12.5
   Compiling aws-smithy-json v0.62.5
   Compiling arrayvec v0.7.6
   Compiling rustversion v1.0.22
   Compiling spin v0.9.8
   Compiling lazy_static v1.5.0
   Compiling event-listener v5.4.1
   Compiling rand_chacha v0.3.1
   Compiling webpki-roots v0.26.11
   Compiling futures-intrusive v0.5.0
   Compiling unicode-normalization v0.1.25
   Compiling tokio-stream v0.1.18
   Compiling hashlink v0.10.0
   Compiling crossbeam-queue v0.3.12
   Compiling getrandom v0.3.4
   Compiling unicode-properties v0.1.4
   Compiling unicode-bidi v0.3.18
   Compiling stringprep v0.1.5
   Compiling rand v0.8.6
   Compiling hkdf v0.12.4
   Compiling sqlx-core v0.8.6
   Compiling atoi v2.0.0
   Compiling md-5 v0.10.6
   Compiling byteorder v1.5.0
   Compiling home v0.5.12
   Compiling anyhow v1.0.102
   Compiling getrandom v0.1.16
   Compiling dotenvy v0.15.7
   Compiling whoami v1.6.1
   Compiling sqlx-postgres v0.8.6
   Compiling serde_urlencoded v0.7.1
   Compiling heck v0.5.0
   Compiling openssl v0.10.77
   Compiling xmlparser v0.13.6
   Compiling foreign-types-shared v0.1.1
   Compiling aws-smithy-xml v0.60.15
   Compiling foreign-types v0.3.2
   Compiling rand_core v0.9.5
   Compiling sqlx-macros-core v0.8.6
   Compiling pem-rfc7468 v0.7.0
   Compiling openssl-macros v0.1.1
   Compiling native-tls v0.2.18
   Compiling sqlx-macros v0.8.6
   Compiling regex v1.12.3
   Compiling der v0.7.10
   Compiling rand_core v0.5.1
   Compiling rand_chacha v0.9.0
   Compiling sharded-slab v0.1.7
   Compiling matchers v0.2.0
   Compiling tracing-serde v0.2.0
   Compiling async-trait v0.1.89
   Compiling inout v0.1.4
   Compiling tracing-log v0.2.0
   Compiling serde_path_to_error v0.1.20
   Compiling thread_local v1.1.9
   Compiling adler2 v2.0.1
   Compiling urlencoding v2.1.3
   Compiling simd-adler32 v0.3.9
   Compiling nu-ansi-term v0.50.3
   Compiling syn v1.0.109
   Compiling mime v0.3.17
   Compiling minicbor v0.24.4
   Compiling tracing-subscriber v0.3.23
   Compiling miniz_oxide v0.8.9
   Compiling axum-core v0.4.5
   Compiling aws-smithy-query v0.60.15
   Compiling cipher v0.4.4
   Compiling spki v0.7.3
   Compiling utoipa-gen v5.4.0
   Compiling rand v0.9.4
   Compiling rand_chacha v0.2.2
   Compiling half v2.7.1
   Compiling sha1 v0.10.6
   Compiling h2 v0.3.27
   Compiling universal-hash v0.5.1
   Compiling socket2 v0.5.10
   Compiling iri-string v0.7.12
   Compiling http-types v2.12.0
   Compiling matchit v0.7.3
   Compiling protobuf v3.7.2
   Compiling portable-atomic v1.13.1
   Compiling num-bigint-dig v0.8.6
   Compiling fastrand v1.9.0
   Compiling waker-fn v1.2.0
   Compiling opaque-debug v0.3.1
   Compiling event-listener v2.5.3
   Compiling futures-lite v1.13.0
   Compiling polyval v0.6.2
   Compiling async-channel v1.9.0
   Compiling axum v0.7.9
   Compiling hyper v0.14.32
   Compiling tower-http v0.6.8
   Compiling crc-fast v1.6.0
   Compiling rand v0.7.3
   Compiling pkcs8 v0.10.2
   Compiling flate2 v1.1.9
   Compiling tokio-native-tls v0.3.1
   Compiling serde_qs v0.8.5
   Compiling protobuf-support v3.7.2
   Compiling aws-smithy-http v0.62.6
   Compiling rust_decimal_macros v1.40.0
   Compiling utoipa v5.4.0
   Compiling num-iter v0.1.45
   Compiling num-bigint v0.4.6
   Compiling base64 v0.13.1
   Compiling async-stripe v0.41.0
   Compiling prometheus v0.14.0
   Compiling infer v0.2.3
   Compiling smart-default v0.6.0
   Compiling simple_asn1 v0.6.4
   Compiling aws-smithy-checksums v0.63.12
   Compiling hyper-tls v0.5.0
   Compiling aws-smithy-compression v0.1.6
   Compiling pkcs1 v0.7.5
   Compiling aws-smithy-cbor v0.61.7
   Compiling ghash v0.5.1
   Compiling aes v0.8.4
   Compiling ctr v0.9.2
   Compiling lru v0.12.5
   Compiling serde_qs v0.10.1
   Compiling crossbeam-epoch v0.9.18
   Compiling crossbeam-channel v0.5.15
   Compiling password-hash v0.5.0
   Compiling pem v3.0.6
   Compiling aws-smithy-json v0.61.9
   Compiling smol_str v0.1.24
   Compiling signature v2.2.0
   Compiling blake2 v0.10.6
   Compiling aead v0.5.2
   Compiling api v0.1.0 (/work/infra/api)
   Compiling tagptr v0.2.0
   Compiling moka v0.12.15
   Compiling argon2 v0.5.3
   Compiling aes-gcm v0.10.3
   Compiling rsa v0.9.10
   Compiling jsonwebtoken v9.3.1
   Compiling billing v0.1.0 (/work/infra/billing)
   Compiling pricing-calculator v0.1.0 (/work/infra/pricing-calculator)
   Compiling utoipa-scalar v0.2.0
   Compiling tower-http v0.5.2
   Compiling quick-xml v0.37.5
   Compiling hashbrown v0.14.5
   Compiling dashmap v6.1.0
   Compiling tokio-rustls v0.26.4
   Compiling hyper-rustls v0.27.9
   Compiling aws-smithy-http-client v1.1.12
   Compiling reqwest v0.12.28
   Compiling aws-smithy-runtime v1.11.1
   Compiling aws-runtime v1.7.2
   Compiling sqlx v0.8.6
   Compiling aws-sdk-sso v1.97.0
   Compiling aws-sdk-sts v1.102.0
   Compiling aws-sdk-ssooidc v1.99.0
   Compiling aws-config v1.8.15
   Compiling aws-sdk-ssm v1.108.0
   Compiling aws-sdk-sesv2 v1.117.0
   Compiling aws-sdk-cloudwatch v1.109.1
   Compiling aws-sdk-s3 v1.119.0
   Compiling aws-sdk-route53 v1.110.0
   Compiling aws-sdk-ec2 v1.221.0
   Compiling aggregation-job v0.1.0 (/work/infra/aggregation-job)
   Compiling metering-agent v0.1.0 (/work/infra/metering-agent)
error: could not compile `aws-sdk-ec2` (lib)

Caused by:
  process didn't exit successfully: `rustc --crate-name aws_sdk_ec2 --edition=2021 /root/.cargo/registry/src/index.crates.io-1949cf8c6b5b557f/aws-sdk-ec2-1.221.0/src/lib.rs --error-format=json --json=diagnostic-rendered-ansi,artifacts,future-incompat --crate-type lib --emit=dep-info,metadata,link -C opt-level=3 -C embed-bitcode=no --cfg 'feature="default-https-client"' --cfg 'feature="rt-tokio"' --check-cfg 'cfg(docsrs,test)' --check-cfg 'cfg(feature, values("behavior-version-latest", "default", "default-https-client", "gated-tests", "rt-tokio", "rustls", "test-util"))' -C metadata=f5b8538990d8d552 -C extra-filename=-f2055a5d3bdb7036 --out-dir /work/infra/target/release/deps -C strip=debuginfo -L dependency=/work/infra/target/release/deps --extern aws_credential_types=/work/infra/target/release/deps/libaws_credential_types-014006da350e102e.rmeta --extern aws_runtime=/work/infra/target/release/deps/libaws_runtime-576e9f93d8c811fb.rmeta --extern aws_smithy_async=/work/infra/target/release/deps/libaws_smithy_async-9d5dc16324324d6b.rmeta --extern aws_smithy_http=/work/infra/target/release/deps/libaws_smithy_http-438d16f24576448e.rmeta --extern aws_smithy_json=/work/infra/target/release/deps/libaws_smithy_json-4a5b71c4ca324b08.rmeta --extern aws_smithy_observability=/work/infra/target/release/deps/libaws_smithy_observability-b5490966939f09bc.rmeta --extern aws_smithy_query=/work/infra/target/release/deps/libaws_smithy_query-80fd3475116b2fd5.rmeta --extern aws_smithy_runtime=/work/infra/target/release/deps/libaws_smithy_runtime-4e69ca4e99d088d7.rmeta --extern aws_smithy_runtime_api=/work/infra/target/release/deps/libaws_smithy_runtime_api-24c2bc416b36870a.rmeta --extern aws_smithy_types=/work/infra/target/release/deps/libaws_smithy_types-d747775949fb3ee9.rmeta --extern aws_smithy_xml=/work/infra/target/release/deps/libaws_smithy_xml-bb4e98ee241d7216.rmeta --extern aws_types=/work/infra/target/release/deps/libaws_types-bfd7c028163b677b.rmeta --extern fastrand=/work/infra/target/release/deps/libfastrand-a208d5c448f96139.rmeta --extern http=/work/infra/target/release/deps/libhttp-9eaa3f58bbcc223a.rmeta --extern http_1x=/work/infra/target/release/deps/libhttp-1e9dc66c5eb51bc5.rmeta --extern regex_lite=/work/infra/target/release/deps/libregex_lite-39e56768aac018d1.rmeta --extern tracing=/work/infra/target/release/deps/libtracing-874ccdc0a7528ff5.rmeta --cap-lints allow -L native=/work/infra/target/release/build/ring-258d618d61889c1c/out -L native=/work/infra/target/release/build/aws-lc-sys-ed75a6258003e9a0/out` (signal: 9, SIGKILL: kill)
warning: build failed, waiting for other jobs to finish...
