   Compiling libc v0.2.185
   Compiling proc-macro2 v1.0.106
   Compiling quote v1.0.45
   Compiling unicode-ident v1.0.24
   Compiling syn v2.0.117
   Compiling serde_core v1.0.228
   Compiling cfg-if v1.0.4
   Compiling serde v1.0.228
   Compiling serde_derive v1.0.228
   Compiling typenum v1.19.0
   Compiling version_check v0.9.5
   Compiling generic-array v0.14.7
   Compiling pin-project-lite v0.2.17
   Compiling itoa v1.0.18
   Compiling getrandom v0.2.17
   Compiling bytes v1.11.1
   Compiling autocfg v1.5.0
   Compiling futures-core v0.3.32
   Compiling errno v0.3.14
   Compiling memchr v2.8.0
   Compiling once_cell v1.21.4
   Compiling signal-hook-registry v1.4.8
   Compiling socket2 v0.6.3
   Compiling mio v1.2.0
   Compiling tokio-macros v2.7.0
   Compiling zeroize v1.8.2
   Compiling futures-sink v0.3.32
   Compiling tokio v1.52.1
   Compiling rand_core v0.6.4
   Compiling jobserver v0.1.34
   Compiling shlex v1.3.0
   Compiling find-msvc-tools v0.1.9
   Compiling cc v1.2.60
   Compiling subtle v2.6.1
   Compiling tracing-attributes v0.1.31
   Compiling libm v0.2.16
   Compiling num-traits v0.2.19
   Compiling tracing-core v0.1.36
   Compiling log v0.4.29
   Compiling synstructure v0.13.2
   Compiling futures-io v0.3.32
   Compiling slab v0.4.12
   Compiling tracing v0.1.44
   Compiling fnv v1.0.7
   Compiling zerofrom-derive v0.1.7
   Compiling crypto-common v0.1.7
   Compiling futures-macro v0.3.32
   Compiling const-oid v0.9.6
   Compiling futures-task v0.3.32
   Compiling futures-util v0.3.32
   Compiling yoke-derive v0.8.2
   Compiling http v1.4.0
   Compiling tokio-util v0.7.18
   Compiling http-body v1.0.1
   Compiling smallvec v1.15.1
   Compiling zerovec-derive v0.11.3
   Compiling equivalent v1.0.2
   Compiling http v0.2.12
   Compiling num-integer v0.1.46
   Compiling block-buffer v0.10.4
   Compiling either v1.15.0
   Compiling displaydoc v0.2.5
   Compiling ryu v1.0.23
   Compiling percent-encoding v2.3.2
   Compiling digest v0.10.7
   Compiling http-body-util v0.1.3
   Compiling powerfmt v0.2.0
   Compiling num-conv v0.2.1
   Compiling hashbrown v0.17.0
   Compiling core-foundation-sys v0.8.7
   Compiling time-core v0.1.8
   Compiling time-macros v0.2.27
   Compiling indexmap v2.14.0
   Compiling deranged v0.5.8
   Compiling http-body v0.4.6
   Compiling time v0.3.47
   Compiling bitflags v2.11.1
   Compiling cmake v0.1.58
   Compiling outref v0.5.2
   Compiling fs_extra v1.3.0
   Compiling vsimd v0.8.0
   Compiling dunce v1.0.5
   Compiling aws-lc-sys v0.40.0
   Compiling base64-simd v0.8.0
   Compiling bytes-utils v0.1.4
   Compiling ring v0.17.14
   Compiling pin-utils v0.1.0
   Compiling aws-smithy-types v1.4.7
   Compiling getrandom v0.4.2
   Compiling futures-channel v0.3.32
   Compiling rustls-pki-types v1.14.0
   Compiling cpufeatures v0.2.17
   Compiling aws-lc-rs v1.16.3
   Compiling base64ct v1.8.3
   Compiling icu_normalizer_data v2.2.0
   Compiling untrusted v0.9.0
   Compiling icu_properties_data v2.2.0
   Compiling tower-service v0.3.3
   Compiling base64 v0.22.1
   Compiling form_urlencoded v1.2.2
   Compiling httparse v1.10.1
   Compiling zmij v1.0.21
   Compiling zerocopy v0.8.48
   Compiling zerofrom v0.1.7
   Compiling zerocopy-derive v0.8.48
   Compiling rustls v0.23.38
   Compiling stable_deref_trait v1.2.1
   Compiling try-lock v0.2.5
   Compiling want v0.3.1
   Compiling yoke v0.8.2
   Compiling rustls-webpki v0.103.12
   Compiling aws-smithy-async v1.2.14
   Compiling aws-smithy-runtime-api-macros v1.0.0
   Compiling httpdate v1.0.3
   Compiling serde_json v1.0.149
   Compiling aws-smithy-runtime-api v1.12.0
   Compiling webpki-roots v1.0.7
   Compiling security-framework-sys v2.17.0
   Compiling core-foundation v0.10.1
   Compiling security-framework v3.7.0
   Compiling zerovec v0.11.6
   Compiling sha2 v0.10.9
   Compiling hmac v0.12.1
   Compiling atomic-waker v1.1.2
   Compiling tower-layer v0.3.3
   Compiling h2 v0.4.13
   Compiling uuid v1.23.1
   Compiling sync_wrapper v1.0.2
   Compiling parking_lot_core v0.9.12
   Compiling crc32fast v1.5.0
   Compiling hyper v1.9.0
   Compiling der v0.6.1
   Compiling ipnet v2.12.0
   Compiling hyper-util v0.1.20
   Compiling spki v0.6.0
   Compiling tower v0.5.3
   Compiling tinystr v0.8.3
   Compiling ppv-lite86 v0.2.21
   Compiling fastrand v2.4.1
   Compiling hex v0.4.3
   Compiling writeable v0.6.3
   Compiling litemap v0.8.2
   Compiling icu_locale_core v2.2.0
   Compiling pkcs8 v0.9.0
   Compiling potential_utf v0.1.5
   Compiling zerotrie v0.2.4
   Compiling crypto-bigint v0.4.9
   Compiling ff v0.12.1
   Compiling crossbeam-utils v0.8.21
   Compiling base16ct v0.1.1
   Compiling thiserror v2.0.18
   Compiling utf8_iter v1.0.4
   Compiling icu_collections v2.2.0
   Compiling sec1 v0.3.0
   Compiling group v0.12.1
   Compiling icu_provider v2.2.0
   Compiling rustls-native-certs v0.8.3
   Compiling tokio-rustls v0.26.4
   Compiling semver v1.0.28
   Compiling rustc_version v0.4.1
   Compiling hyper-rustls v0.27.9
   Compiling elliptic-curve v0.12.3
   Compiling rfc6979 v0.3.1
   Compiling aws-smithy-eventstream v0.60.20
   Compiling signature v1.6.4
   Compiling thiserror-impl v2.0.18
   Compiling ecdsa v0.14.8
   Compiling icu_properties v2.2.0
   Compiling icu_normalizer v2.2.0
   Compiling aws-types v1.3.14
   Compiling aws-smithy-http v0.63.6
   Compiling aws-credential-types v1.2.14
   Compiling thiserror v1.0.69
   Compiling idna_adapter v1.2.1
   Compiling p256 v0.11.1
   Compiling aws-smithy-http-client v1.1.12
   Compiling aws-smithy-observability v0.2.6
   Compiling crypto-bigint v0.5.5
   Compiling thiserror-impl v1.0.69
   Compiling aws-sigv4 v1.4.2
   Compiling aws-smithy-runtime v1.11.1
   Compiling idna v1.1.0
   Compiling aws-runtime v1.7.2
   Compiling url v2.5.8
   Compiling scopeguard v1.2.0
   Compiling regex-lite v0.1.9
   Compiling lock_api v0.4.14
   Compiling concurrent-queue v2.5.0
   Compiling aws-smithy-json v0.62.5
   Compiling iana-time-zone v0.1.65
   Compiling aho-corasick v1.1.4
   Compiling allocator-api2 v0.2.21
   Compiling regex-syntax v0.8.10
   Compiling tinyvec_macros v0.1.1
   Compiling foldhash v0.1.5
   Compiling rust_decimal v1.41.0
   Compiling crc-catalog v2.4.0
   Compiling parking v2.2.1
   Compiling hashbrown v0.15.5
   Compiling crc v3.4.0
   Compiling tinyvec v1.11.0
   Compiling regex-automata v0.4.14
   Compiling chrono v0.4.44
   Compiling parking_lot v0.12.5
   Compiling rustversion v1.0.22
   Compiling getrandom v0.3.4
   Compiling arrayvec v0.7.6
   Compiling spin v0.9.8
   Compiling event-listener v5.4.1
   Compiling lazy_static v1.5.0
   Compiling rand_chacha v0.3.1
   Compiling webpki-roots v0.26.11
   Compiling futures-intrusive v0.5.0
   Compiling unicode-normalization v0.1.25
   Compiling tokio-stream v0.1.18
   Compiling hashlink v0.10.0
   Compiling crossbeam-queue v0.3.12
   Compiling unicode-bidi v0.3.18
   Compiling getrandom v0.1.16
   Compiling rustix v1.1.4
   Compiling unicode-properties v0.1.4
   Compiling sqlx-core v0.8.6
   Compiling stringprep v0.1.5
   Compiling rand v0.8.6
   Compiling hkdf v0.12.4
   Compiling atoi v2.0.0
   Compiling md-5 v0.10.6
   Compiling home v0.5.12
   Compiling anyhow v1.0.102
   Compiling whoami v1.6.1
   Compiling byteorder v1.5.0
   Compiling dotenvy v0.15.7
   Compiling xmlparser v0.13.6
   Compiling sqlx-postgres v0.8.6
   Compiling aws-smithy-xml v0.60.15
   Compiling rand_core v0.9.5
   Compiling serde_urlencoded v0.7.1
   Compiling pem-rfc7468 v0.7.0
   Compiling native-tls v0.2.18
   Compiling pkg-config v0.3.33
   Compiling vcpkg v0.2.15
   Compiling heck v0.5.0
   Compiling sqlx-macros-core v0.8.6
   Compiling openssl-sys v0.9.113
   Compiling der v0.7.10
   Compiling tempfile v3.27.0
   Compiling rand_core v0.5.1
   Compiling rand_chacha v0.9.0
   Compiling regex v1.12.3
   Compiling inout v0.1.4
   Compiling simd-adler32 v0.3.9
   Compiling urlencoding v2.1.3
   Compiling minicbor v0.24.4
   Compiling adler2 v2.0.1
   Compiling syn v1.0.109
   Compiling miniz_oxide v0.8.9
   Compiling aws-smithy-query v0.60.15
   Compiling cipher v0.4.4
   Compiling utoipa-gen v5.4.0
   Compiling rand v0.9.4
   Compiling rand_chacha v0.2.2
   Compiling spki v0.7.3
   Compiling sqlx-macros v0.8.6
   Compiling sharded-slab v0.1.7
   Compiling matchers v0.2.0
   Compiling half v2.7.1
   Compiling sha1 v0.10.6
   Compiling h2 v0.3.27
   Compiling universal-hash v0.5.1
   Compiling tracing-log v0.2.0
   Compiling tracing-serde v0.2.0
   Compiling serde_path_to_error v0.1.20
   Compiling thread_local v1.1.9
   Compiling socket2 v0.5.10
   Compiling async-trait v0.1.89
   Compiling http-types v2.12.0
   Compiling protobuf v3.7.2
   Compiling mime v0.3.17
   Compiling opaque-debug v0.3.1
   Compiling waker-fn v1.2.0
   Compiling fastrand v1.9.0
   Compiling num-bigint-dig v0.8.6
   Compiling nu-ansi-term v0.50.3
   Compiling portable-atomic v1.13.1
   Compiling event-listener v2.5.3
   Compiling async-channel v1.9.0
   Compiling tracing-subscriber v0.3.23
   Compiling futures-lite v1.13.0
   Compiling polyval v0.6.2
   Compiling axum-core v0.4.5
   Compiling hyper v0.14.32
   Compiling crc-fast v1.6.0
   Compiling sqlx v0.8.6
   Compiling pkcs8 v0.10.2
   Compiling tokio-native-tls v0.3.1
   Compiling rand v0.7.3
   Compiling utoipa v5.4.0
   Compiling flate2 v1.1.9
   Compiling serde_qs v0.8.5
   Compiling protobuf-support v3.7.2
   Compiling aws-smithy-http v0.62.6
   Compiling num-iter v0.1.45
   Compiling num-bigint v0.4.6
   Compiling rust_decimal_macros v1.40.0
   Compiling matchit v0.7.3
   Compiling infer v0.2.3
   Compiling openssl v0.10.77
   Compiling foreign-types-shared v0.1.1
   Compiling base64 v0.13.1
   Compiling prometheus v0.14.0
   Compiling async-stripe v0.41.0
   Compiling iri-string v0.7.12
   Compiling tower-http v0.6.8
   Compiling foreign-types v0.3.2
   Compiling axum v0.7.9
   Compiling simple_asn1 v0.6.4
   Compiling aws-smithy-checksums v0.63.12
   Compiling smart-default v0.6.0
   Compiling aws-smithy-compression v0.1.6
   Compiling hyper-tls v0.5.0
   Compiling pkcs1 v0.7.5
   Compiling aws-smithy-cbor v0.61.7
   Compiling ghash v0.5.1
   Compiling aes v0.8.4
   Compiling ctr v0.9.2
   Compiling aws-sdk-sts v1.102.0
   Compiling lru v0.12.5
   Compiling aws-sdk-sso v1.97.0
   Compiling aws-sdk-ssooidc v1.99.0
   Compiling serde_qs v0.10.1
   Compiling crossbeam-channel v0.5.15
   Compiling crossbeam-epoch v0.9.18
   Compiling pem v3.0.6
   Compiling password-hash v0.5.0
   Compiling aws-smithy-json v0.61.9
   Compiling blake2 v0.10.6
   Compiling signature v2.2.0
   Compiling aead v0.5.2
   Compiling smol_str v0.1.24
   Compiling openssl-macros v0.1.1
   Compiling tagptr v0.2.0
   Compiling api v0.1.0 (/Users/stuart/parallel_development/fjcloud_dev/may18_pm_1_may16_wave_deploy_verify_sweep/fjcloud_dev/infra/api)
   Compiling moka v0.12.15
   Compiling aes-gcm v0.10.3
   Compiling rsa v0.9.10
   Compiling argon2 v0.5.3
   Compiling aws-sdk-s3 v1.119.0
   Compiling jsonwebtoken v9.3.1
   Compiling aws-config v1.8.15
   Compiling aws-sdk-cloudwatch v1.109.1
   Compiling utoipa-scalar v0.2.0
   Compiling reqwest v0.12.28
   Compiling billing v0.1.0 (/Users/stuart/parallel_development/fjcloud_dev/may18_pm_1_may16_wave_deploy_verify_sweep/fjcloud_dev/infra/billing)
   Compiling pricing-calculator v0.1.0 (/Users/stuart/parallel_development/fjcloud_dev/may18_pm_1_may16_wave_deploy_verify_sweep/fjcloud_dev/infra/pricing-calculator)
   Compiling aws-sdk-ec2 v1.221.0
   Compiling aws-sdk-route53 v1.110.0
   Compiling aws-sdk-sesv2 v1.117.0
   Compiling aws-sdk-ssm v1.108.0
   Compiling tower-http v0.5.2
   Compiling quick-xml v0.37.5
   Compiling aggregation-job v0.1.0 (/Users/stuart/parallel_development/fjcloud_dev/may18_pm_1_may16_wave_deploy_verify_sweep/fjcloud_dev/infra/aggregation-job)
    Finished `release` profile [optimized] target(s) in 16m 19s
