==> Deploying a368d3c633fbe9c420973e8538037527e24b6ede to staging
==> Pre-deploy validation: mode=mock, sha=a368d3c633fbe9c420973e8538037527e24b6ede
==> Pre-deploy validation passed for SHA a368d3c633fbe9c420973e8538037527e24b6ede
==> Looking up instance fjcloud-api-staging
    Instance: i-0afc7651593f12372
==> Previous deploy SHA: fa64aba192866d5aa72e6409b3ec04fe6375ea16
{
    "Version": 70,
    "Tier": "Standard"
}
==> Saved current SHA to /fjcloud/staging/last_deploy_sha
{
    "Version": 33,
    "Tier": "Standard"
}
==> Set canary quiet window until 2026-05-19T01:21:47Z
==> Sending SSM command to i-0afc7651593f12372
    Command ID: 8f9f8d21-2dc4-48b8-9e83-c03e7eaf791d
==> Polling command status
==> Deploy complete: a368d3c633fbe9c420973e8538037527e24b6ede → staging
