Running 20 gate(s): check-sizes script-exec-bits port-collision-diagnose compose-project mirror-sync-contract deploy-currency-check-contract rc-wrapper-contract source-pollution status-doc-consistency roadmap-v2-shape secret-scan evidence-secret-hygiene web-lint web-test index-export-clientside-contract rust-lint migration-test validate-bootstrap-parser validate-bootstrap-env-local publish-scripts-buildx
Mode: fast


=== local-ci summary (wall 94s) ===
GATE                STATUS   SECS  LOG
----                ------   ----  ---
check-sizes         PASS        4  /var/folders/v6/b8qh29l57ql_p7hdw2qhpqkw0000gn/T//local-ci-last-logs/check-sizes.log
compose-project     PASS        1  /var/folders/v6/b8qh29l57ql_p7hdw2qhpqkw0000gn/T//local-ci-last-logs/compose-project.log
deploy-currency-check-contract  PASS        6  /var/folders/v6/b8qh29l57ql_p7hdw2qhpqkw0000gn/T//local-ci-last-logs/deploy-currency-check-contract.log
evidence-secret-hygiene  PASS        4  /var/folders/v6/b8qh29l57ql_p7hdw2qhpqkw0000gn/T//local-ci-last-logs/evidence-secret-hygiene.log
index-export-clientside-contract  PASS        0  /var/folders/v6/b8qh29l57ql_p7hdw2qhpqkw0000gn/T//local-ci-last-logs/index-export-clientside-contract.log
migration-test      PASS        1  /var/folders/v6/b8qh29l57ql_p7hdw2qhpqkw0000gn/T//local-ci-last-logs/migration-test.log
mirror-sync-contract  PASS        7  /var/folders/v6/b8qh29l57ql_p7hdw2qhpqkw0000gn/T//local-ci-last-logs/mirror-sync-contract.log
port-collision-diagnose  PASS        4  /var/folders/v6/b8qh29l57ql_p7hdw2qhpqkw0000gn/T//local-ci-last-logs/port-collision-diagnose.log
publish-scripts-buildx  PASS        0  /var/folders/v6/b8qh29l57ql_p7hdw2qhpqkw0000gn/T//local-ci-last-logs/publish-scripts-buildx.log
rc-wrapper-contract  PASS       10  /var/folders/v6/b8qh29l57ql_p7hdw2qhpqkw0000gn/T//local-ci-last-logs/rc-wrapper-contract.log
roadmap-v2-shape    PASS        0  /var/folders/v6/b8qh29l57ql_p7hdw2qhpqkw0000gn/T//local-ci-last-logs/roadmap-v2-shape.log
rust-lint           PASS       93  /var/folders/v6/b8qh29l57ql_p7hdw2qhpqkw0000gn/T//local-ci-last-logs/rust-lint.log
script-exec-bits    PASS        2  /var/folders/v6/b8qh29l57ql_p7hdw2qhpqkw0000gn/T//local-ci-last-logs/script-exec-bits.log
secret-scan         PASS        1  /var/folders/v6/b8qh29l57ql_p7hdw2qhpqkw0000gn/T//local-ci-last-logs/secret-scan.log
source-pollution    FAIL        1  /var/folders/v6/b8qh29l57ql_p7hdw2qhpqkw0000gn/T//local-ci-last-logs/source-pollution.log
status-doc-consistency  PASS        0  /var/folders/v6/b8qh29l57ql_p7hdw2qhpqkw0000gn/T//local-ci-last-logs/status-doc-consistency.log
validate-bootstrap-env-local  PASS        3  /var/folders/v6/b8qh29l57ql_p7hdw2qhpqkw0000gn/T//local-ci-last-logs/validate-bootstrap-env-local.log
validate-bootstrap-parser  PASS        0  /var/folders/v6/b8qh29l57ql_p7hdw2qhpqkw0000gn/T//local-ci-last-logs/validate-bootstrap-parser.log
web-lint            FAIL        0  /var/folders/v6/b8qh29l57ql_p7hdw2qhpqkw0000gn/T//local-ci-last-logs/web-lint.log
web-test            FAIL        0  /var/folders/v6/b8qh29l57ql_p7hdw2qhpqkw0000gn/T//local-ci-last-logs/web-test.log

=== FAIL tails ===

--- source-pollution (1s) ---
[sanitize] would rewrite chats/icg/jul12_pm_6_repo_gc_manifest_and_receipts.md
[sanitize] CHECK: run 'bash scripts/sanitize_worktree_paths.sh --write' to scrub rewritable files

--- web-lint (0s) ---
ERROR: web/node_modules missing — run 'cd web && pnpm install' first

--- web-test (0s) ---
ERROR: web/node_modules missing — run 'cd web && pnpm install' first

## Prod deploy drift (informational — does not affect exit code)
Prod deploy drift:
  dev_sha:            55757a6e01ea527a56d4fd53c4b35edcddb55861
  build_time:         2026-07-12T07:10:26Z (11h 57m ago)
  commits_behind:     3
  deployable_drift:   false (converged (doc-only ahead))
  doc_only_ahead:     true
  dev_main_sha:       247d7b8c0230

Totals: pass=17 fail=3 skip=0
Result: FAIL
